<?xml version="1.0" encoding="UTF-8"?>
<testng-results skipped="0" failed="0" ignored="0" total="2" passed="2">
  <reporter-output>
  </reporter-output>
  <suite name="Default suite" duration-ms="39802" started-at="2019-08-12T17:25:48Z" finished-at="2019-08-12T17:26:28Z">
    <groups>
    </groups>
    <test name="Default test" duration-ms="39802" started-at="2019-08-12T17:25:48Z" finished-at="2019-08-12T17:26:28Z">
      <class name="pkg1.NewTest">
        <test-method status="PASS" signature="LunchBrowser()[pri:0, instance:pkg1.NewTest@19f379]" name="LunchBrowser" is-config="true" duration-ms="3963" started-at="2019-08-12T17:25:48Z" finished-at="2019-08-12T17:25:52Z">
          <reporter-output>
          </reporter-output>
        </test-method> <!-- LunchBrowser -->
        <test-method status="PASS" signature="NavigateToGmail()[pri:1, instance:pkg1.NewTest@19f379]" name="NavigateToGmail" duration-ms="5212" started-at="2019-08-12T17:25:52Z" finished-at="2019-08-12T17:25:57Z">
          <reporter-output>
          </reporter-output>
        </test-method> <!-- NavigateToGmail -->
        <test-method status="PASS" signature="LoginToGmail()[pri:2, instance:pkg1.NewTest@19f379]" name="LoginToGmail" duration-ms="14688" started-at="2019-08-12T17:25:57Z" finished-at="2019-08-12T17:26:12Z">
          <reporter-output>
          </reporter-output>
        </test-method> <!-- LoginToGmail -->
        <test-method status="PASS" signature="BrowserExit()[pri:0, instance:pkg1.NewTest@19f379]" name="BrowserExit" is-config="true" duration-ms="15902" started-at="2019-08-12T17:26:12Z" finished-at="2019-08-12T17:26:28Z">
          <reporter-output>
          </reporter-output>
        </test-method> <!-- BrowserExit -->
      </class> <!-- pkg1.NewTest -->
    </test> <!-- Default test -->
  </suite> <!-- Default suite -->
</testng-results>
